2026-05-06 23:11:13,877 - aqt.main - INFO - installer 5656 aqtinstall(aqt) v3.3.0 on Python 3.13.3 [CPython MSC v.1943 64 bit (AMD64)]
2026-05-06 23:11:13,881 - aqt.helper - DEBUG - helper 5656 Attempt to download checksum at https://download.qt.io/online/qtsdkrepository/windows_x86/desktop/qt6_662/Updates.xml.sha256
2026-05-06 23:11:38,188 - aqt.helper - DEBUG - helper 5656 Attempt to download checksum at https://download.qt.io/online/qtsdkrepository/windows_x86/desktop/qt6_662/Updates.xml.sha256
2026-05-06 23:12:02,329 - aqt.helper - DEBUG - helper 5656 Attempt to download checksum at https://download.qt.io/online/qtsdkrepository/windows_x86/desktop/qt6_662/Updates.xml.sha256
2026-05-06 23:12:26,464 - aqt.helper - DEBUG - helper 5656 Attempt to download checksum at https://download.qt.io/online/qtsdkrepository/windows_x86/desktop/qt6_662/Updates.xml.sha256
2026-05-06 23:12:50,810 - aqt.helper - DEBUG - helper 5656 Attempt to download checksum at https://download.qt.io/online/qtsdkrepository/windows_x86/desktop/qt6_662/Updates.xml.sha256
2026-05-06 23:13:14,894 - aqt.archives - WARNING - archives 5656 Failed to download checksum for the file 'online/qtsdkrepository/windows_x86/desktop/qt6_662/Updates.xml'. This may happen on unofficial mirrors.
2026-05-06 23:13:39,018 - aqt.helper - WARNING - helper 5656 Connection to 'https://download.qt.io' failed. Retrying with fallback 'https://mirror.netcologne.de/qtproject/'.
2026-05-06 23:13:39,020 - aqt.helper - DEBUG - helper 5656 Attempt to download checksum at https://download.qt.io/online/qtsdkrepository/windows_x86/desktop/qt6_662/Updates.xml.sha256
2026-05-06 23:14:03,164 - aqt.helper - DEBUG - helper 5656 Attempt to download checksum at https://download.qt.io/online/qtsdkrepository/windows_x86/desktop/qt6_662/Updates.xml.sha256
2026-05-06 23:14:27,285 - aqt.helper - DEBUG - helper 5656 Attempt to download checksum at https://download.qt.io/online/qtsdkrepository/windows_x86/desktop/qt6_662/Updates.xml.sha256
2026-05-06 23:14:51,408 - aqt.helper - DEBUG - helper 5656 Attempt to download checksum at https://download.qt.io/online/qtsdkrepository/windows_x86/desktop/qt6_662/Updates.xml.sha256
2026-05-06 23:15:15,554 - aqt.helper - DEBUG - helper 5656 Attempt to download checksum at https://download.qt.io/online/qtsdkrepository/windows_x86/desktop/qt6_662/Updates.xml.sha256
2026-05-06 23:15:39,640 - aqt.archives - WARNING - archives 5656 Failed to download checksum for the file 'online/qtsdkrepository/windows_x86/desktop/qt6_662/Updates.xml'. This may happen on unofficial mirrors.
2026-05-06 23:15:47,515 - aqt.helper - DEBUG - helper 30232 Attempt to download checksum at https://download.qt.io/online/qtsdkrepository/windows_x86/desktop/qt6_662/qt.qt6.662.win64_msvc2019_64/6.6.2-0-202402121135qtbase-Windows-Windows_10_22H2-MSVC2019-Windows-Windows_10_22H2-X86_64.7z.sha256
2026-05-06 23:15:47,524 - aqt.helper - DEBUG - helper 28196 Attempt to download checksum at https://download.qt.io/online/qtsdkrepository/windows_x86/desktop/qt6_662/qt.qt6.662.win64_msvc2019_64/6.6.2-0-202402121135qtsvg-Windows-Windows_10_22H2-MSVC2019-Windows-Windows_10_22H2-X86_64.7z.sha256
2026-05-06 23:15:47,533 - aqt.helper - DEBUG - helper 22572 Attempt to download checksum at https://download.qt.io/online/qtsdkrepository/windows_x86/desktop/qt6_662/qt.qt6.662.win64_msvc2019_64/6.6.2-0-202402121135qtdeclarative-Windows-Windows_10_22H2-MSVC2019-Windows-Windows_10_22H2-X86_64.7z.sha256
2026-05-06 23:15:47,533 - aqt.helper - DEBUG - helper 1248 Attempt to download checksum at https://download.qt.io/online/qtsdkrepository/windows_x86/desktop/qt6_662/qt.qt6.662.win64_msvc2019_64/6.6.2-0-202402121135qttools-Windows-Windows_10_22H2-MSVC2019-Windows-Windows_10_22H2-X86_64.7z.sha256
2026-05-06 23:16:11,611 - aqt.helper - DEBUG - helper 28196 Attempt to download checksum at https://download.qt.io/online/qtsdkrepository/windows_x86/desktop/qt6_662/qt.qt6.662.win64_msvc2019_64/6.6.2-0-202402121135qtsvg-Windows-Windows_10_22H2-MSVC2019-Windows-Windows_10_22H2-X86_64.7z.sha256
2026-05-06 23:16:11,659 - aqt.helper - DEBUG - helper 30232 Attempt to download checksum at https://download.qt.io/online/qtsdkrepository/windows_x86/desktop/qt6_662/qt.qt6.662.win64_msvc2019_64/6.6.2-0-202402121135qtbase-Windows-Windows_10_22H2-MSVC2019-Windows-Windows_10_22H2-X86_64.7z.sha256
2026-05-06 23:16:11,690 - aqt.helper - DEBUG - helper 22572 Attempt to download checksum at https://download.qt.io/online/qtsdkrepository/windows_x86/desktop/qt6_662/qt.qt6.662.win64_msvc2019_64/6.6.2-0-202402121135qtdeclarative-Windows-Windows_10_22H2-MSVC2019-Windows-Windows_10_22H2-X86_64.7z.sha256
2026-05-06 23:16:35,736 - aqt.helper - DEBUG - helper 28196 Attempt to download checksum at https://download.qt.io/online/qtsdkrepository/windows_x86/desktop/qt6_662/qt.qt6.662.win64_msvc2019_64/6.6.2-0-202402121135qtsvg-Windows-Windows_10_22H2-MSVC2019-Windows-Windows_10_22H2-X86_64.7z.sha256
2026-05-06 23:16:35,830 - aqt.helper - DEBUG - helper 30232 Attempt to download checksum at https://download.qt.io/online/qtsdkrepository/windows_x86/desktop/qt6_662/qt.qt6.662.win64_msvc2019_64/6.6.2-0-202402121135qtbase-Windows-Windows_10_22H2-MSVC2019-Windows-Windows_10_22H2-X86_64.7z.sha256
2026-05-06 23:16:35,846 - aqt.helper - DEBUG - helper 22572 Attempt to download checksum at https://download.qt.io/online/qtsdkrepository/windows_x86/desktop/qt6_662/qt.qt6.662.win64_msvc2019_64/6.6.2-0-202402121135qtdeclarative-Windows-Windows_10_22H2-MSVC2019-Windows-Windows_10_22H2-X86_64.7z.sha256
2026-05-06 23:16:35,877 - aqt.helper - DEBUG - helper 1248 Attempt to download checksum at https://download.qt.io/online/qtsdkrepository/windows_x86/desktop/qt6_662/qt.qt6.662.win64_msvc2019_64/6.6.2-0-202402121135qttools-Windows-Windows_10_22H2-MSVC2019-Windows-Windows_10_22H2-X86_64.7z.sha256
2026-05-06 23:16:59,902 - aqt.helper - DEBUG - helper 28196 Attempt to download checksum at https://download.qt.io/online/qtsdkrepository/windows_x86/desktop/qt6_662/qt.qt6.662.win64_msvc2019_64/6.6.2-0-202402121135qtsvg-Windows-Windows_10_22H2-MSVC2019-Windows-Windows_10_22H2-X86_64.7z.sha256
2026-05-06 23:16:59,997 - aqt.helper - DEBUG - helper 22572 Attempt to download checksum at https://download.qt.io/online/qtsdkrepository/windows_x86/desktop/qt6_662/qt.qt6.662.win64_msvc2019_64/6.6.2-0-202402121135qtdeclarative-Windows-Windows_10_22H2-MSVC2019-Windows-Windows_10_22H2-X86_64.7z.sha256
2026-05-06 23:16:59,997 - aqt.helper - DEBUG - helper 30232 Attempt to download checksum at https://download.qt.io/online/qtsdkrepository/windows_x86/desktop/qt6_662/qt.qt6.662.win64_msvc2019_64/6.6.2-0-202402121135qtbase-Windows-Windows_10_22H2-MSVC2019-Windows-Windows_10_22H2-X86_64.7z.sha256
2026-05-06 23:17:00,076 - aqt.helper - DEBUG - helper 1248 Attempt to download checksum at https://download.qt.io/online/qtsdkrepository/windows_x86/desktop/qt6_662/qt.qt6.662.win64_msvc2019_64/6.6.2-0-202402121135qttools-Windows-Windows_10_22H2-MSVC2019-Windows-Windows_10_22H2-X86_64.7z.sha256
2026-05-06 23:17:24,036 - aqt.helper - DEBUG - helper 28196 Attempt to download checksum at https://download.qt.io/online/qtsdkrepository/windows_x86/desktop/qt6_662/qt.qt6.662.win64_msvc2019_64/6.6.2-0-202402121135qtsvg-Windows-Windows_10_22H2-MSVC2019-Windows-Windows_10_22H2-X86_64.7z.sha256
2026-05-06 23:17:24,147 - aqt.helper - DEBUG - helper 30232 Attempt to download checksum at https://download.qt.io/online/qtsdkrepository/windows_x86/desktop/qt6_662/qt.qt6.662.win64_msvc2019_64/6.6.2-0-202402121135qtbase-Windows-Windows_10_22H2-MSVC2019-Windows-Windows_10_22H2-X86_64.7z.sha256
2026-05-06 23:17:24,179 - aqt.helper - DEBUG - helper 22572 Attempt to download checksum at https://download.qt.io/online/qtsdkrepository/windows_x86/desktop/qt6_662/qt.qt6.662.win64_msvc2019_64/6.6.2-0-202402121135qtdeclarative-Windows-Windows_10_22H2-MSVC2019-Windows-Windows_10_22H2-X86_64.7z.sha256
2026-05-06 23:17:24,211 - aqt.helper - DEBUG - helper 1248 Attempt to download checksum at https://download.qt.io/online/qtsdkrepository/windows_x86/desktop/qt6_662/qt.qt6.662.win64_msvc2019_64/6.6.2-0-202402121135qttools-Windows-Windows_10_22H2-MSVC2019-Windows-Windows_10_22H2-X86_64.7z.sha256
2026-05-06 23:17:48,181 - aqt.helper - DEBUG - helper 28196 Attempt to download checksum at https://download.qt.io/online/qtsdkrepository/windows_x86/desktop/qt6_662/qt.qt6.662.win64_msvc2019_64/6.6.2-0-202402121135qttranslations-Windows-Windows_10_22H2-MSVC2019-Windows-Windows_10_22H2-X86_64.7z.sha256
2026-05-06 23:17:48,339 - aqt.helper - DEBUG - helper 30232 Attempt to download checksum at https://download.qt.io/online/qtsdkrepository/windows_x86/desktop/qt6_662/qt.qt6.662.win64_msvc2019_64/6.6.2-0-202402121135d3dcompiler_47-x64.7z.sha256
2026-05-06 23:17:48,387 - aqt.helper - DEBUG - helper 22572 Attempt to download checksum at https://download.qt.io/online/qtsdkrepository/windows_x86/desktop/qt6_662/qt.qt6.662.win64_msvc2019_64/6.6.2-0-202402121135opengl32sw-64-mesa_11_2_2-signed_sha256.7z.sha256
2026-05-06 23:18:12,365 - aqt.helper - DEBUG - helper 28196 Attempt to download checksum at https://download.qt.io/online/qtsdkrepository/windows_x86/desktop/qt6_662/qt.qt6.662.win64_msvc2019_64/6.6.2-0-202402121135qttranslations-Windows-Windows_10_22H2-MSVC2019-Windows-Windows_10_22H2-X86_64.7z.sha256
2026-05-06 23:18:12,475 - aqt.helper - DEBUG - helper 30232 Attempt to download checksum at https://download.qt.io/online/qtsdkrepository/windows_x86/desktop/qt6_662/qt.qt6.662.win64_msvc2019_64/6.6.2-0-202402121135d3dcompiler_47-x64.7z.sha256
2026-05-06 23:18:12,522 - aqt.helper - DEBUG - helper 22572 Attempt to download checksum at https://download.qt.io/online/qtsdkrepository/windows_x86/desktop/qt6_662/qt.qt6.662.win64_msvc2019_64/6.6.2-0-202402121135opengl32sw-64-mesa_11_2_2-signed_sha256.7z.sha256
2026-05-06 23:18:36,514 - aqt.helper - DEBUG - helper 28196 Attempt to download checksum at https://download.qt.io/online/qtsdkrepository/windows_x86/desktop/qt6_662/qt.qt6.662.win64_msvc2019_64/6.6.2-0-202402121135qttranslations-Windows-Windows_10_22H2-MSVC2019-Windows-Windows_10_22H2-X86_64.7z.sha256
2026-05-06 23:18:36,608 - aqt.helper - DEBUG - helper 30232 Attempt to download checksum at https://download.qt.io/online/qtsdkrepository/windows_x86/desktop/qt6_662/qt.qt6.662.win64_msvc2019_64/6.6.2-0-202402121135d3dcompiler_47-x64.7z.sha256
2026-05-06 23:18:36,639 - aqt.helper - DEBUG - helper 22572 Attempt to download checksum at https://download.qt.io/online/qtsdkrepository/windows_x86/desktop/qt6_662/qt.qt6.662.win64_msvc2019_64/6.6.2-0-202402121135opengl32sw-64-mesa_11_2_2-signed_sha256.7z.sha256
2026-05-06 23:19:00,616 - aqt.helper - DEBUG - helper 28196 Attempt to download checksum at https://download.qt.io/online/qtsdkrepository/windows_x86/desktop/qt6_662/qt.qt6.662.win64_msvc2019_64/6.6.2-0-202402121135qttranslations-Windows-Windows_10_22H2-MSVC2019-Windows-Windows_10_22H2-X86_64.7z.sha256
2026-05-06 23:19:00,680 - aqt.helper - DEBUG - helper 30232 Attempt to download checksum at https://download.qt.io/online/qtsdkrepository/windows_x86/desktop/qt6_662/qt.qt6.662.win64_msvc2019_64/6.6.2-0-202402121135d3dcompiler_47-x64.7z.sha256
2026-05-06 23:19:00,774 - aqt.helper - DEBUG - helper 22572 Attempt to download checksum at https://download.qt.io/online/qtsdkrepository/windows_x86/desktop/qt6_662/qt.qt6.662.win64_msvc2019_64/6.6.2-0-202402121135opengl32sw-64-mesa_11_2_2-signed_sha256.7z.sha256
2026-05-06 23:19:24,716 - aqt.helper - DEBUG - helper 28196 Attempt to download checksum at https://download.qt.io/online/qtsdkrepository/windows_x86/desktop/qt6_662/qt.qt6.662.win64_msvc2019_64/6.6.2-0-202402121135qttranslations-Windows-Windows_10_22H2-MSVC2019-Windows-Windows_10_22H2-X86_64.7z.sha256
2026-05-06 23:19:24,763 - aqt.helper - DEBUG - helper 30232 Attempt to download checksum at https://download.qt.io/online/qtsdkrepository/windows_x86/desktop/qt6_662/qt.qt6.662.win64_msvc2019_64/6.6.2-0-202402121135d3dcompiler_47-x64.7z.sha256
2026-05-06 23:19:24,907 - aqt.helper - DEBUG - helper 22572 Attempt to download checksum at https://download.qt.io/online/qtsdkrepository/windows_x86/desktop/qt6_662/qt.qt6.662.win64_msvc2019_64/6.6.2-0-202402121135opengl32sw-64-mesa_11_2_2-signed_sha256.7z.sha256
2026-05-06 23:19:49,071 - aqt.installer - WARNING - installer 5656 Caught ChecksumDownloadFailure, terminating installer workers
2026-05-06 23:19:49,089 - aqt.main - ERROR - installer 5656 Failed to download checksum for the file '6.6.2-0-202402121135qtsvg-Windows-Windows_10_22H2-MSVC2019-Windows-Windows_10_22H2-X86_64.7z' from mirrors '['https://download.qt.io']
==============================Suggested follow-up:==============================
* Check your internet connection
* Consider modifying `requests.max_retries_to_retrieve_hash` in settings.ini
* Consider modifying `mirrors.trusted_mirrors` in settings.ini (see https://aqtinstall.readthedocs.io/en/stable/configuration.html#configuration)
2026-05-06 23:41:25,407 - aqt.main - INFO - installer 1408 aqtinstall(aqt) v3.3.0 on Python 3.13.3 [CPython MSC v.1943 64 bit (AMD64)]
2026-05-06 23:41:25,408 - aqt.helper - DEBUG - helper 1408 Attempt to download checksum at https://download.qt.io/online/qtsdkrepository/windows_x86/desktop/qt6_662/Updates.xml.sha256
2026-05-06 23:41:49,593 - aqt.helper - DEBUG - helper 1408 Attempt to download checksum at https://download.qt.io/online/qtsdkrepository/windows_x86/desktop/qt6_662/Updates.xml.sha256
2026-05-06 23:42:13,725 - aqt.helper - DEBUG - helper 1408 Attempt to download checksum at https://download.qt.io/online/qtsdkrepository/windows_x86/desktop/qt6_662/Updates.xml.sha256
2026-05-06 23:42:37,844 - aqt.helper - DEBUG - helper 1408 Attempt to download checksum at https://download.qt.io/online/qtsdkrepository/windows_x86/desktop/qt6_662/Updates.xml.sha256
2026-05-06 23:43:02,001 - aqt.helper - DEBUG - helper 1408 Attempt to download checksum at https://download.qt.io/online/qtsdkrepository/windows_x86/desktop/qt6_662/Updates.xml.sha256
2026-05-06 23:43:26,127 - aqt.archives - WARNING - archives 1408 Failed to download checksum for the file 'online/qtsdkrepository/windows_x86/desktop/qt6_662/Updates.xml'. This may happen on unofficial mirrors.
2026-05-06 23:43:50,246 - aqt.helper - WARNING - helper 1408 Connection to 'https://download.qt.io' failed. Retrying with fallback 'https://mirrors.aliyun.com/qt/'.
2026-05-06 23:43:50,247 - aqt.helper - DEBUG - helper 1408 Attempt to download checksum at https://download.qt.io/online/qtsdkrepository/windows_x86/desktop/qt6_662/Updates.xml.sha256
2026-05-06 23:44:14,375 - aqt.helper - DEBUG - helper 1408 Attempt to download checksum at https://download.qt.io/online/qtsdkrepository/windows_x86/desktop/qt6_662/Updates.xml.sha256
2026-05-06 23:44:38,537 - aqt.helper - DEBUG - helper 1408 Attempt to download checksum at https://download.qt.io/online/qtsdkrepository/windows_x86/desktop/qt6_662/Updates.xml.sha256
2026-05-06 23:45:02,708 - aqt.helper - DEBUG - helper 1408 Attempt to download checksum at https://download.qt.io/online/qtsdkrepository/windows_x86/desktop/qt6_662/Updates.xml.sha256
2026-05-06 23:45:26,827 - aqt.helper - DEBUG - helper 1408 Attempt to download checksum at https://download.qt.io/online/qtsdkrepository/windows_x86/desktop/qt6_662/Updates.xml.sha256
2026-05-06 23:45:50,950 - aqt.archives - WARNING - archives 1408 Failed to download checksum for the file 'online/qtsdkrepository/windows_x86/desktop/qt6_662/Updates.xml'. This may happen on unofficial mirrors.
2026-05-06 23:45:54,319 - aqt.helper - DEBUG - helper 13016 Attempt to download checksum at https://download.qt.io/online/qtsdkrepository/windows_x86/desktop/qt6_662/qt.qt6.662.win64_msvc2019_64/6.6.2-0-202402121135qtbase-Windows-Windows_10_22H2-MSVC2019-Windows-Windows_10_22H2-X86_64.7z.sha256
2026-05-06 23:45:54,322 - aqt.helper - DEBUG - helper 28656 Attempt to download checksum at https://download.qt.io/online/qtsdkrepository/windows_x86/desktop/qt6_662/qt.qt6.662.win64_msvc2019_64/6.6.2-0-202402121135qtsvg-Windows-Windows_10_22H2-MSVC2019-Windows-Windows_10_22H2-X86_64.7z.sha256
2026-05-06 23:45:54,328 - aqt.helper - DEBUG - helper 25108 Attempt to download checksum at https://download.qt.io/online/qtsdkrepository/windows_x86/desktop/qt6_662/qt.qt6.662.win64_msvc2019_64/6.6.2-0-202402121135qtdeclarative-Windows-Windows_10_22H2-MSVC2019-Windows-Windows_10_22H2-X86_64.7z.sha256
2026-05-06 23:45:54,337 - aqt.helper - DEBUG - helper 9440 Attempt to download checksum at https://download.qt.io/online/qtsdkrepository/windows_x86/desktop/qt6_662/qt.qt6.662.win64_msvc2019_64/6.6.2-0-202402121135qttools-Windows-Windows_10_22H2-MSVC2019-Windows-Windows_10_22H2-X86_64.7z.sha256
2026-05-06 23:46:18,443 - aqt.helper - DEBUG - helper 25108 Attempt to download checksum at https://download.qt.io/online/qtsdkrepository/windows_x86/desktop/qt6_662/qt.qt6.662.win64_msvc2019_64/6.6.2-0-202402121135qtdeclarative-Windows-Windows_10_22H2-MSVC2019-Windows-Windows_10_22H2-X86_64.7z.sha256
2026-05-06 23:46:18,458 - aqt.helper - DEBUG - helper 28656 Attempt to download checksum at https://download.qt.io/online/qtsdkrepository/windows_x86/desktop/qt6_662/qt.qt6.662.win64_msvc2019_64/6.6.2-0-202402121135qtsvg-Windows-Windows_10_22H2-MSVC2019-Windows-Windows_10_22H2-X86_64.7z.sha256
2026-05-06 23:46:18,505 - aqt.helper - DEBUG - helper 9440 Attempt to download checksum at https://download.qt.io/online/qtsdkrepository/windows_x86/desktop/qt6_662/qt.qt6.662.win64_msvc2019_64/6.6.2-0-202402121135qttools-Windows-Windows_10_22H2-MSVC2019-Windows-Windows_10_22H2-X86_64.7z.sha256
2026-05-06 23:46:42,565 - aqt.helper - DEBUG - helper 28656 Attempt to download checksum at https://download.qt.io/online/qtsdkrepository/windows_x86/desktop/qt6_662/qt.qt6.662.win64_msvc2019_64/6.6.2-0-202402121135qtsvg-Windows-Windows_10_22H2-MSVC2019-Windows-Windows_10_22H2-X86_64.7z.sha256
2026-05-06 23:46:42,597 - aqt.helper - DEBUG - helper 13016 Attempt to download checksum at https://download.qt.io/online/qtsdkrepository/windows_x86/desktop/qt6_662/qt.qt6.662.win64_msvc2019_64/6.6.2-0-202402121135qtbase-Windows-Windows_10_22H2-MSVC2019-Windows-Windows_10_22H2-X86_64.7z.sha256
2026-05-06 23:46:42,612 - aqt.helper - DEBUG - helper 9440 Attempt to download checksum at https://download.qt.io/online/qtsdkrepository/windows_x86/desktop/qt6_662/qt.qt6.662.win64_msvc2019_64/6.6.2-0-202402121135qttools-Windows-Windows_10_22H2-MSVC2019-Windows-Windows_10_22H2-X86_64.7z.sha256
2026-05-06 23:46:42,612 - aqt.helper - DEBUG - helper 25108 Attempt to download checksum at https://download.qt.io/online/qtsdkrepository/windows_x86/desktop/qt6_662/qt.qt6.662.win64_msvc2019_64/6.6.2-0-202402121135qtdeclarative-Windows-Windows_10_22H2-MSVC2019-Windows-Windows_10_22H2-X86_64.7z.sha256
2026-05-06 23:47:06,710 - aqt.helper - DEBUG - helper 28656 Attempt to download checksum at https://download.qt.io/online/qtsdkrepository/windows_x86/desktop/qt6_662/qt.qt6.662.win64_msvc2019_64/6.6.2-0-202402121135qtsvg-Windows-Windows_10_22H2-MSVC2019-Windows-Windows_10_22H2-X86_64.7z.sha256

2026-05-06 23:47:06,725 - aqt.helper - DEBUG - helper 25108 Attempt to download checksum at https://download.qt.io/online/qtsdkrepository/windows_x86/desktop/qt6_662/qt.qt6.662.win64_msvc2019_64/6.6.2-0-202402121135qtdeclarative-Windows-Windows_10_22H2-MSVC2019-Windows-Windows_10_22H2-X86_64.7z.sha256
2026-05-06 23:47:06,740 - aqt.helper - DEBUG - helper 13016 Attempt to download checksum at https://download.qt.io/online/qtsdkrepository/windows_x86/desktop/qt6_662/qt.qt6.662.win64_msvc2019_64/6.6.2-0-202402121135qtbase-Windows-Windows_10_22H2-MSVC2019-Windows-Windows_10_22H2-X86_64.7z.sha256
2026-05-06 23:47:30,843 - aqt.helper - DEBUG - helper 28656 Attempt to download checksum at https://download.qt.io/online/qtsdkrepository/windows_x86/desktop/qt6_662/qt.qt6.662.win64_msvc2019_64/6.6.2-0-202402121135qtsvg-Windows-Windows_10_22H2-MSVC2019-Windows-Windows_10_22H2-X86_64.7z.sha256
sha256
2026-05-06 23:47:30,844 - aqt.helper - DEBUG - helper 13016 Attempt to download checksum at https://download.qt.io/online/qtsdkrepository/windows_x86/desktop/qt6_662/qt.qt6.662.win64_msvc2019_64/6.6.2-0-202402121135qtbase-Windows-Windows_10_22H2-MSVC2019-Windows-Windows_10_22H2-X86_64.7z.sha256
2026-05-06 23:47:30,859 - aqt.helper - DEBUG - helper 9440 Attempt to download checksum at https://download.qt.io/online/qtsdkrepository/windows_x86/desktop/qt6_662/qt.qt6.662.win64_msvc2019_64/6.6.2-0-202402121135qttools-Windows-Windows_10_22H2-MSVC2019-Windows-Windows_10_22H2-X86_64.7z.sha256
2026-05-06 23:47:54,951 - aqt.helper - DEBUG - helper 13016 Attempt to download checksum at https://download.qt.io/online/qtsdkrepository/windows_x86/desktop/qt6_662/qt.qt6.662.win64_msvc2019_64/6.6.2-0-202402121135qttranslations-Windows-Windows_10_22H2-MSVC2019-Windows-Windows_10_22H2-X86_64.7z.sha256
2026-05-06 23:47:54,979 - aqt.helper - DEBUG - helper 25108 Attempt to download checksum at https://download.qt.io/online/qtsdkrepository/windows_x86/desktop/qt6_662/qt.qt6.662.win64_msvc2019_64/6.6.2-0-202402121135opengl32sw-64-mesa_11_2_2-signed_sha256.7z.sha256
2026-05-06 23:47:54,979 - aqt.helper - DEBUG - helper 9440 Attempt to download checksum at https://download.qt.io/online/qtsdkrepository/windows_x86/desktop/qt6_662/qt.qt6.662.win64_msvc2019_64/6.6.2-0-202402121135d3dcompiler_47-x64.7z.sha256
2026-05-06 23:48:19,091 - aqt.helper - DEBUG - helper 25108 Attempt to download checksum at https://download.qt.io/online/qtsdkrepository/windows_x86/desktop/qt6_662/qt.qt6.662.win64_msvc2019_64/6.6.2-0-202402121135opengl32sw-64-mesa_11_2_2-signed_sha256.7z.sha256
2026-05-06 23:48:19,106 - aqt.helper - DEBUG - helper 13016 Attempt to download checksum at https://download.qt.io/online/qtsdkrepository/windows_x86/desktop/qt6_662/qt.qt6.662.win64_msvc2019_64/6.6.2-0-202402121135qttranslations-Windows-Windows_10_22H2-MSVC2019-Windows-Windows_10_22H2-X86_64.7z.sha256
2026-05-06 23:48:43,201 - aqt.helper - DEBUG - helper 9440 Attempt to download checksum at https://download.qt.io/online/qtsdkrepository/windows_x86/desktop/qt6_662/qt.qt6.662.win64_msvc2019_64/6.6.2-0-202402121135d3dcompiler_47-x64.7z.sha256
s_10_22H2-MSVC2019-Windows-Windows_10_22H2-X86_64.7z.sha256
2026-05-06 23:48:43,201 - aqt.helper - DEBUG - helper 25108 Attempt to download checksum at https://download.qt.io/online/qtsdkrepository/windows_x86/desktop/qt6_662/qt.qt6.662.win64_msvc2019_64/6.6.2-0-202402121135opengl32sw-64-mesa_11_2_2-signed_sha256.7z.sha256
2026-05-06 23:49:07,291 - aqt.helper - DEBUG - helper 13016 Attempt to download checksum at https://download.qt.io/online/qtsdkrepository/windows_x86/desktop/qt6_662/qt.qt6.662.win64_msvc2019_64/6.6.2-0-202402121135qttranslations-Windows-Windows_10_22H2-MSVC2019-Windows-Windows_10_22H2-X86_64.7z.sha256
2026-05-06 23:49:07,338 - aqt.helper - DEBUG - helper 9440 Attempt to download checksum at https://download.qt.io/online/qtsdkrepository/windows_x86/desktop/qt6_662/qt.qt6.662.win64_msvc2019_64/6.6.2-0-202402121135d3dcompiler_47-x64.7z.sha256
2026-05-06 23:49:31,424 - aqt.helper - DEBUG - helper 25108 Attempt to download checksum at https://download.qt.io/online/qtsdkrepository/windows_x86/desktop/qt6_662/qt.qt6.662.win64_msvc2019_64/6.6.2-0-202402121135opengl32sw-64-mesa_11_2_2-signed_sha256.7z.sha256
2026-05-06 23:49:31,486 - aqt.helper - DEBUG - helper 13016 Attempt to download checksum at https://download.qt.io/online/qtsdkrepository/windows_x86/desktop/qt6_662/qt.qt6.662.win64_msvc2019_64/6.6.2-0-202402121135qttranslations-Windows-Windows_10_22H2-MSVC2019-Windows-Windows_10_22H2-X86_64.7z.sha256
2026-05-06 23:49:31,501 - aqt.helper - DEBUG - helper 9440 Attempt to download checksum at https://download.qt.io/online/qtsdkrepository/windows_x86/desktop/qt6_662/qt.qt6.662.win64_msvc2019_64/6.6.2-0-202402121135d3dcompiler_47-x64.7z.sha256
2026-05-06 23:49:55,653 - aqt.installer - WARNING - installer 1408 Caught ChecksumDownloadFailure, terminating installer workers
2026-05-06 23:49:55,666 - aqt.main - ERROR - installer 1408 Failed to download checksum for the file '6.6.2-0-202402121135qtbase-Windows-Windows_10_22H2-MSVC2019-Windows-Windows_10_22H2-X86_64.7z' from mirrors '['https://download.qt.io']
==============================Suggested follow-up:==============================
* Check your internet connection
* Consider modifying `requests.max_retries_to_retrieve_hash` in settings.ini
* Consider modifying `mirrors.trusted_mirrors` in settings.ini (see https://aqtinstall.readthedocs.io/en/stable/configuration.html#configuration)
2026-05-06 23:53:41,405 - aqt.main - INFO - installer 15132 aqtinstall(aqt) v3.3.0 on Python 3.13.3 [CPython MSC v.1943 64 bit (AMD64)]
2026-05-06 23:53:41,405 - aqt.helper - DEBUG - helper 15132 Attempt to download checksum at https://download.qt.io/online/qtsdkrepository/windows_x86/desktop/qt6_673/Updates.xml.sha256
2026-05-06 23:54:05,566 - aqt.helper - DEBUG - helper 15132 Attempt to download checksum at https://download.qt.io/online/qtsdkrepository/windows_x86/desktop/qt6_673/Updates.xml.sha256
2026-05-06 23:54:29,700 - aqt.helper - DEBUG - helper 15132 Attempt to download checksum at https://download.qt.io/online/qtsdkrepository/windows_x86/desktop/qt6_673/Updates.xml.sha256
2026-05-06 23:54:53,861 - aqt.helper - DEBUG - helper 15132 Attempt to download checksum at https://download.qt.io/online/qtsdkrepository/windows_x86/desktop/qt6_673/Updates.xml.sha256
2026-05-06 23:55:17,993 - aqt.helper - DEBUG - helper 15132 Attempt to download checksum at https://download.qt.io/online/qtsdkrepository/windows_x86/desktop/qt6_673/Updates.xml.sha256
2026-05-06 23:55:42,140 - aqt.archives - WARNING - archives 15132 Failed to download checksum for the file 'online/qtsdkrepository/windows_x86/desktop/qt6_673/Updates.xml'. This may happen on unofficial mirrors.
2026-05-06 23:55:45,634 - aqt.helper - DEBUG - helper 15632 Attempt to download checksum at https://download.qt.io/online/qtsdkrepository/windows_x86/desktop/qt6_673/qt.qt6.673.win64_msvc2019_64/6.7.3-0-202409200836qtbase-Windows-Windows_10_22H2-MSVC2019-Windows-Windows_10_22H2-X86_64.7z.sha256
2026-05-06 23:55:45,635 - aqt.helper - DEBUG - helper 13016 Attempt to download checksum at https://download.qt.io/online/qtsdkrepository/windows_x86/desktop/qt6_673/qt.qt6.673.win64_msvc2019_64/6.7.3-0-202409200836qtsvg-Windows-Windows_10_22H2-MSVC2019-Windows-Windows_10_22H2-X86_64.7z.sha256
2026-05-06 23:55:45,635 - aqt.helper - DEBUG - helper 30640 Attempt to download checksum at https://download.qt.io/online/qtsdkrepository/windows_x86/desktop/qt6_673/qt.qt6.673.win64_msvc2019_64/6.7.3-0-202409200836qtdeclarative-Windows-Windows_10_22H2-MSVC2019-Windows-Windows_10_22H2-X86_64.7z.sha256
2026-05-06 23:55:45,639 - aqt.helper - DEBUG - helper 16056 Attempt to download checksum at https://download.qt.io/online/qtsdkrepository/windows_x86/desktop/qt6_673/qt.qt6.673.win64_msvc2019_64/6.7.3-0-202409200836qttools-Windows-Windows_10_22H2-MSVC2019-Windows-Windows_10_22H2-X86_64.7z.sha256
2026-05-06 23:56:09,765 - aqt.helper - DEBUG - helper 30640 Attempt to download checksum at https://download.qt.io/online/qtsdkrepository/windows_x86/desktop/qt6_673/qt.qt6.673.win64_msvc2019_64/6.7.3-0-202409200836qtdeclarative-Windows-Windows_10_22H2-MSVC2019-Windows-Windows_10_22H2-X86_64.7z.sha256
2026-05-06 23:56:09,796 - aqt.helper - DEBUG - helper 15632 Attempt to download checksum at https://download.qt.io/online/qtsdkrepository/windows_x86/desktop/qt6_673/qt.qt6.673.win64_msvc2019_64/6.7.3-0-202409200836qtbase-Windows-Windows_10_22H2-MSVC2019-Windows-Windows_10_22H2-X86_64.7z.sha256
2026-05-06 23:56:09,796 - aqt.helper - DEBUG - helper 16056 Attempt to download checksum at https://download.qt.io/online/qtsdkrepository/windows_x86/desktop/qt6_673/qt.qt6.673.win64_msvc2019_64/6.7.3-0-202409200836qttools-Windows-Windows_10_22H2-MSVC2019-Windows-Windows_10_22H2-X86_64.7z.sha256
2026-05-06 23:56:09,796 - aqt.helper - DEBUG - helper 13016 Attempt to download checksum at https://download.qt.io/online/qtsdkrepository/windows_x86/desktop/qt6_673/qt.qt6.673.win64_msvc2019_64/6.7.3-0-202409200836qtsvg-Windows-Windows_10_22H2-MSVC2019-Windows-Windows_10_22H2-X86_64.7z.sha256
2026-05-06 23:56:33,927 - aqt.helper - DEBUG - helper 30640 Attempt to download checksum at https://download.qt.io/online/qtsdkrepository/windows_x86/desktop/qt6_673/qt.qt6.673.win64_msvc2019_64/6.7.3-0-202409200836qtdeclarative-Windows-Windows_10_22H2-MSVC2019-Windows-Windows_10_22H2-X86_64.7z.sha256
2026-05-06 23:56:33,964 - aqt.helper - DEBUG - helper 15632 Attempt to download checksum at https://download.qt.io/online/qtsdkrepository/windows_x86/desktop/qt6_673/qt.qt6.673.win64_msvc2019_64/6.7.3-0-202409200836qtbase-Windows-Windows_10_22H2-MSVC2019-Windows-Windows_10_22H2-X86_64.7z.sha256
2026-05-06 23:56:33,965 - aqt.helper - DEBUG - helper 13016 Attempt to download checksum at https://download.qt.io/online/qtsdkrepository/windows_x86/desktop/qt6_673/qt.qt6.673.win64_msvc2019_64/6.7.3-0-202409200836qtsvg-Windows-Windows_10_22H2-MSVC2019-Windows-Windows_10_22H2-X86_64.7z.sha256
2026-05-06 23:56:33,996 - aqt.helper - DEBUG - helper 16056 Attempt to download checksum at https://download.qt.io/online/qtsdkrepository/windows_x86/desktop/qt6_673/qt.qt6.673.win64_msvc2019_64/6.7.3-0-202409200836qttools-Windows-Windows_10_22H2-MSVC2019-Windows-Windows_10_22H2-X86_64.7z.sha256
2026-05-06 23:56:58,225 - aqt.helper - DEBUG - helper 30640 Attempt to download checksum at https://download.qt.io/online/qtsdkrepository/windows_x86/desktop/qt6_673/qt.qt6.673.win64_msvc2019_64/6.7.3-0-202409200836qtdeclarative-Windows-Windows_10_22H2-MSVC2019-Windows-Windows_10_22H2-X86_64.7z.sha256
2026-05-06 23:56:58,225 - aqt.helper - DEBUG - helper 16056 Attempt to download checksum at https://download.qt.io/online/qtsdkrepository/windows_x86/desktop/qt6_673/qt.qt6.673.win64_msvc2019_64/6.7.3-0-202409200836qttools-Windows-Windows_10_22H2-MSVC2019-Windows-Windows_10_22H2-X86_64.7z.sha256
2026-05-06 23:56:58,246 - aqt.helper - DEBUG - helper 15632 Attempt to download checksum at https://download.qt.io/online/qtsdkrepository/windows_x86/desktop/qt6_673/qt.qt6.673.win64_msvc2019_64/6.7.3-0-202409200836qtbase-Windows-Windows_10_22H2-MSVC2019-Windows-Windows_10_22H2-X86_64.7z.sha256
2026-05-06 23:56:58,276 - aqt.helper - DEBUG - helper 13016 Attempt to download checksum at https://download.qt.io/online/qtsdkrepository/windows_x86/desktop/qt6_673/qt.qt6.673.win64_msvc2019_64/6.7.3-0-202409200836qtsvg-Windows-Windows_10_22H2-MSVC2019-Windows-Windows_10_22H2-X86_64.7z.sha256
2026-05-06 23:57:22,340 - aqt.helper - DEBUG - helper 15632 Attempt to download checksum at https://download.qt.io/online/qtsdkrepository/windows_x86/desktop/qt6_673/qt.qt6.673.win64_msvc2019_64/6.7.3-0-202409200836qtbase-Windows-Windows_10_22H2-MSVC2019-Windows-Windows_10_22H2-X86_64.7z.sha256
2026-05-06 23:57:22,355 - aqt.helper - DEBUG - helper 16056 Attempt to download checksum at https://download.qt.io/online/qtsdkrepository/windows_x86/desktop/qt6_673/qt.qt6.673.win64_msvc2019_64/6.7.3-0-202409200836qttools-Windows-Windows_10_22H2-MSVC2019-Windows-Windows_10_22H2-X86_64.7z.sha256
2026-05-06 23:57:22,387 - aqt.helper - DEBUG - helper 30640 Attempt to download checksum at https://download.qt.io/online/qtsdkrepository/windows_x86/desktop/qt6_673/qt.qt6.673.win64_msvc2019_64/6.7.3-0-202409200836qtdeclarative-Windows-Windows_10_22H2-MSVC2019-Windows-Windows_10_22H2-X86_64.7z.sha256
2026-05-06 23:57:22,434 - aqt.helper - DEBUG - helper 13016 Attempt to download checksum at https://download.qt.io/online/qtsdkrepository/windows_x86/desktop/qt6_673/qt.qt6.673.win64_msvc2019_64/6.7.3-0-202409200836qtsvg-Windows-Windows_10_22H2-MSVC2019-Windows-Windows_10_22H2-X86_64.7z.sha256
2026-05-06 23:57:46,529 - aqt.helper - DEBUG - helper 16056 Attempt to download checksum at https://download.qt.io/online/qtsdkrepository/windows_x86/desktop/qt6_673/qt.qt6.673.win64_msvc2019_64/6.7.3-0-202409200836qttranslations-Windows-Windows_10_22H2-MSVC2019-Windows-Windows_10_22H2-X86_64.7z.sha256
2026-05-06 23:57:46,539 - aqt.helper - DEBUG - helper 15632 Attempt to download checksum at https://download.qt.io/online/qtsdkrepository/windows_x86/desktop/qt6_673/qt.qt6.673.win64_msvc2019_64/6.7.3-0-202409200836d3dcompiler_47-x64.7z.sha256
2026-05-06 23:57:46,556 - aqt.helper - DEBUG - helper 13016 Attempt to download checksum at https://download.qt.io/online/qtsdkrepository/windows_x86/desktop/qt6_673/qt.qt6.673.win64_msvc2019_64/6.7.3-0-202409200836opengl32sw-64-mesa_11_2_2-signed_sha256.7z.sha256
2026-05-06 23:58:10,648 - aqt.helper - DEBUG - helper 16056 Attempt to download checksum at https://download.qt.io/online/qtsdkrepository/windows_x86/desktop/qt6_673/qt.qt6.673.win64_msvc2019_64/6.7.3-0-202409200836qttranslations-Windows-Windows_10_22H2-MSVC2019-Windows-Windows_10_22H2-X86_64.7z.sha256
2026-05-06 23:58:10,664 - aqt.helper - DEBUG - helper 15632 Attempt to download checksum at https://download.qt.io/online/qtsdkrepository/windows_x86/desktop/qt6_673/qt.qt6.673.win64_msvc2019_64/6.7.3-0-202409200836d3dcompiler_47-x64.7z.sha256
2026-05-06 23:58:10,709 - aqt.helper - DEBUG - helper 13016 Attempt to download checksum at https://download.qt.io/online/qtsdkrepository/windows_x86/desktop/qt6_673/qt.qt6.673.win64_msvc2019_64/6.7.3-0-202409200836opengl32sw-64-mesa_11_2_2-signed_sha256.7z.sha256
2026-05-06 23:58:34,735 - aqt.helper - DEBUG - helper 15632 Attempt to download checksum at https://download.qt.io/online/qtsdkrepository/windows_x86/desktop/qt6_673/qt.qt6.673.win64_msvc2019_64/6.7.3-0-202409200836d3dcompiler_47-x64.7z.sha256
2026-05-06 23:58:34,767 - aqt.helper - DEBUG - helper 16056 Attempt to download checksum at https://download.qt.io/online/qtsdkrepository/windows_x86/desktop/qt6_673/qt.qt6.673.win64_msvc2019_64/6.7.3-0-202409200836qttranslations-Windows-Windows_10_22H2-MSVC2019-Windows-Windows_10_22H2-X86_64.7z.sha256
2026-05-06 23:58:34,782 - aqt.helper - DEBUG - helper 13016 Attempt to download checksum at https://download.qt.io/online/qtsdkrepository/windows_x86/desktop/qt6_673/qt.qt6.673.win64_msvc2019_64/6.7.3-0-202409200836opengl32sw-64-mesa_11_2_2-signed_sha256.7z.sha256
2026-05-06 23:58:58,819 - aqt.helper - DEBUG - helper 15632 Attempt to download checksum at https://download.qt.io/online/qtsdkrepository/windows_x86/desktop/qt6_673/qt.qt6.673.win64_msvc2019_64/6.7.3-0-202409200836d3dcompiler_47-x64.7z.sha256
2026-05-06 23:58:58,914 - aqt.helper - DEBUG - helper 13016 Attempt to download checksum at https://download.qt.io/online/qtsdkrepository/windows_x86/desktop/qt6_673/qt.qt6.673.win64_msvc2019_64/6.7.3-0-202409200836opengl32sw-64-mesa_11_2_2-signed_sha256.7z.sha256
2026-05-06 23:58:58,944 - aqt.helper - DEBUG - helper 16056 Attempt to download checksum at https://download.qt.io/online/qtsdkrepository/windows_x86/desktop/qt6_673/qt.qt6.673.win64_msvc2019_64/6.7.3-0-202409200836qttranslations-Windows-Windows_10_22H2-MSVC2019-Windows-Windows_10_22H2-X86_64.7z.sha256
2026-05-06 23:59:22,898 - aqt.helper - DEBUG - helper 15632 Attempt to download checksum at https://download.qt.io/online/qtsdkrepository/windows_x86/desktop/qt6_673/qt.qt6.673.win64_msvc2019_64/6.7.3-0-202409200836d3dcompiler_47-x64.7z.sha256
2026-05-06 23:59:23,023 - aqt.helper - DEBUG - helper 16056 Attempt to download checksum at https://download.qt.io/online/qtsdkrepository/windows_x86/desktop/qt6_673/qt.qt6.673.win64_msvc2019_64/6.7.3-0-202409200836qttranslations-Windows-Windows_10_22H2-MSVC2019-Windows-Windows_10_22H2-X86_64.7z.sha256
2026-05-06 23:59:23,038 - aqt.helper - DEBUG - helper 13016 Attempt to download checksum at https://download.qt.io/online/qtsdkrepository/windows_x86/desktop/qt6_673/qt.qt6.673.win64_msvc2019_64/6.7.3-0-202409200836opengl32sw-64-mesa_11_2_2-signed_sha256.7z.sha256
2026-05-06 23:59:47,176 - aqt.installer - WARNING - installer 15132 Caught ChecksumDownloadFailure, terminating installer workers
2026-05-06 23:59:47,192 - aqt.main - ERROR - installer 15132 Failed to download checksum for the file '6.7.3-0-202409200836qttools-Windows-Windows_10_22H2-MSVC2019-Windows-Windows_10_22H2-X86_64.7z' from mirrors '['https://download.qt.io']
==============================Suggested follow-up:==============================
* Check your internet connection
* Consider modifying `requests.max_retries_to_retrieve_hash` in settings.ini
* Consider modifying `mirrors.trusted_mirrors` in settings.ini (see https://aqtinstall.readthedocs.io/en/stable/configuration.html#configuration)
